c:\users\ckeh\documents\github\senior-design-project\xbox_uart_dvguille\xbox_uart_dvguille\debug\vc140.pdb
c:\users\ckeh\documents\github\senior-design-project\xbox_uart_dvguille\xbox_uart_dvguille\debug\xboxcontroller.obj
c:\users\ckeh\documents\github\senior-design-project\xbox_uart_dvguille\xbox_uart_dvguille\debug\window.obj
c:\users\ckeh\documents\github\senior-design-project\xbox_uart_dvguille\xbox_uart_dvguille\debug\graphics.obj
c:\users\ckeh\documents\github\senior-design-project\xbox_uart_dvguille\xbox_uart_dvguille\debug\serial.obj
c:\users\ckeh\documents\github\senior-design-project\xbox_uart_dvguille\xbox_uart_dvguille\debug\main.obj
c:\users\ckeh\documents\github\senior-design-project\xbox_uart_dvguille\xbox_uart_dvguille\debug\graphics3d.obj
c:\users\ckeh\documents\github\senior-design-project\xbox_uart_dvguille\xbox_uart_dvguille\debug\brush.obj
c:\users\ckeh\documents\github\senior-design-project\xbox_uart_dvguille\xbox_uart_dvguille\debug\.netframework,version=v4.0.assemblyattributes.obj
c:\users\ckeh\documents\github\senior-design-project\xbox_uart_dvguille\xbox_uart_dvguille\debug\.netframework,version=v4.0.assemblyattributes.asm
c:\users\ckeh\documents\github\senior-design-project\xbox_uart_dvguille\debug\xbox_uart_dvguille.exe
c:\users\ckeh\documents\github\senior-design-project\xbox_uart_dvguille\debug\xbox_uart_dvguille.pdb
c:\users\ckeh\documents\github\senior-design-project\xbox_uart_dvguille\xbox_uart_dvguille\debug\xbox_uart_dvguille.vcxprojresolveassemblyreference.cache
c:\users\ckeh\documents\github\senior-design-project\xbox_uart_dvguille\xbox_uart_dvguille\debug\xbox_uar.1505e5da.tlog\cl.command.1.tlog
c:\users\ckeh\documents\github\senior-design-project\xbox_uart_dvguille\xbox_uart_dvguille\debug\xbox_uar.1505e5da.tlog\cl.read.1.tlog
c:\users\ckeh\documents\github\senior-design-project\xbox_uart_dvguille\xbox_uart_dvguille\debug\xbox_uar.1505e5da.tlog\cl.write.1.tlog
c:\users\ckeh\documents\github\senior-design-project\xbox_uart_dvguille\xbox_uart_dvguille\debug\xbox_uar.1505e5da.tlog\link.command.1.tlog
c:\users\ckeh\documents\github\senior-design-project\xbox_uart_dvguille\xbox_uart_dvguille\debug\xbox_uar.1505e5da.tlog\link.read.1.tlog
c:\users\ckeh\documents\github\senior-design-project\xbox_uart_dvguille\xbox_uart_dvguille\debug\xbox_uar.1505e5da.tlog\link.write.1.tlog
c:\users\ckeh\documents\github\senior-design-project\xbox_uart_dvguille\xbox_uart_dvguille\debug\xbox_uar.1505e5da.tlog\metagen.read.1.tlog
c:\users\ckeh\documents\github\senior-design-project\xbox_uart_dvguille\xbox_uart_dvguille\debug\xbox_uar.1505e5da.tlog\metagen.write.1.tlog
c:\users\ckeh\documents\github\senior-design-project\xbox_uart_dvguille\xbox_uart_dvguille\debug\xbox_uar.1505e5da.tlog\rsaenh.dll.bi
c:\users\ckeh\documents\github\senior-design-project\xbox_uart_dvguille\xbox_uart_dvguille\debug\xbox_uar.1505e5da.tlog\tzres.dll.bi
